<?xml version="1.0" encoding="UTF-8"?>
<!-- Generated by org.testng.reporters.JUnitReportReporter -->
<testsuite skipped="0" hostname="DESKTOP-PSG913E" name="com.actitime.test.Demo" tests="2" failures="0" timestamp="04 Sep 2020 15:46:36 GMT" time="0.041" errors="0">
  <testcase name="deleteCustomer" time="0.025" classname="com.actitime.test.Demo"/>
  <testcase name="createCustomer" time="0.016" classname="com.actitime.test.Demo"/>
</testsuite> <!-- com.actitime.test.Demo -->
