<?xml version="1.0" encoding="UTF-8"?>
<!-- Generated by org.testng.reporters.JUnitReportReporter -->
<testsuite skipped="0" hostname="DESKTOP-PSG913E" name="com.actitime.test.CreateCustomer" tests="1" failures="0" timestamp="08 Sep 2020 20:02:52 GMT" time="38.713" errors="0">
  <testcase name="testCreateCustomer" time="38.713" classname="com.actitime.test.CreateCustomer"/>
</testsuite> <!-- com.actitime.test.CreateCustomer -->
