<?xml version="1.0" encoding="UTF-8"?>
<!-- Generated by org.testng.reporters.JUnitReportReporter -->
<testsuite skipped="0" hostname="DESKTOP-PSG913E" name="com.actitime.test.Testng" tests="3" failures="0" timestamp="01 Sep 2020 19:09:08 GMT" time="0.019" errors="0">
  <testcase name="createCustomer" time="0.012" classname="com.actitime.test.Testng"/>
  <testcase name="deleteCustomer" time="0.004" classname="com.actitime.test.Testng"/>
  <testcase name="modifyCustomer" time="0.003" classname="com.actitime.test.Testng"/>
</testsuite> <!-- com.actitime.test.Testng -->
