<?xml version="1.0" encoding="UTF-8"?>
<!-- Generated by org.testng.reporters.JUnitReportReporter -->
<testsuite skipped="0" hostname="DESKTOP-PSG913E" name="com.actitime.test.AssertTitle" tests="1" failures="0" timestamp="04 Sep 2020 19:31:11 GMT" time="41.652" errors="0">
  <testcase name="testVerifyTitle" time="41.652" classname="com.actitime.test.AssertTitle"/>
</testsuite> <!-- com.actitime.test.AssertTitle -->
